c:\dev\cohort18-private\pc game\tankz\debug\vc142.pdb
c:\dev\cohort18-private\pc game\tankz\debug\statemanager.obj
c:\dev\cohort18-private\pc game\tankz\debug\spritedemomanager.obj
c:\dev\cohort18-private\pc game\tankz\debug\shapedraw.obj
c:\dev\cohort18-private\pc game\tankz\debug\random.obj
c:\dev\cohort18-private\pc game\tankz\debug\playermanager.obj
c:\dev\cohort18-private\pc game\tankz\debug\openglstuff.obj
c:\dev\cohort18-private\pc game\tankz\debug\openglframework.obj
c:\dev\cohort18-private\pc game\tankz\debug\object.obj
c:\dev\cohort18-private\pc game\tankz\debug\keyprocess.obj
c:\dev\cohort18-private\pc game\tankz\debug\inputmanager.obj
c:\dev\cohort18-private\pc game\tankz\debug\game.obj
c:\dev\cohort18-private\pc game\tankz\debug\fieldmanager.obj
c:\dev\cohort18-private\pc game\tankz\debug\field.obj
c:\dev\cohort18-private\pc game\tankz\debug\ballmanager.obj
c:\dev\cohort18-private\pc game\tankz\debug\ball.obj
c:\dev\cohort18-private\pc game\tankz\debug\spritemanager.obj
c:\dev\cohort18-private\pc game\tankz\debug\sprite.obj
c:\dev\cohort18-private\pc game\tankz\debug\gameobject.obj
c:\dev\cohort18-private\pc game\tankz\debug\bulletmanager.obj
c:\dev\cohort18-private\pc game\tankz\debug\opengl framework.pdb
c:\dev\cohort18-private\pc game\tankz\debug\opengl framework.tlog\cl.command.1.tlog
c:\dev\cohort18-private\pc game\tankz\debug\opengl framework.tlog\cl.read.1.tlog
c:\dev\cohort18-private\pc game\tankz\debug\opengl framework.tlog\cl.write.1.tlog
c:\dev\cohort18-private\pc game\tankz\debug\opengl framework.tlog\link.8764-cvtres.read.1.tlog
c:\dev\cohort18-private\pc game\tankz\debug\opengl framework.tlog\link.8764-cvtres.write.1.tlog
c:\dev\cohort18-private\pc game\tankz\debug\opengl framework.tlog\link.8764-rc.read.1.tlog
c:\dev\cohort18-private\pc game\tankz\debug\opengl framework.tlog\link.8764-rc.write.1.tlog
c:\dev\cohort18-private\pc game\tankz\debug\opengl framework.tlog\link.8764.read.1.tlog
c:\dev\cohort18-private\pc game\tankz\debug\opengl framework.tlog\link.8764.write.1.tlog
c:\dev\cohort18-private\pc game\tankz\debug\opengl framework.tlog\link.command.1.tlog
c:\dev\cohort18-private\pc game\tankz\debug\opengl framework.tlog\link.read.1.tlog
c:\dev\cohort18-private\pc game\tankz\debug\opengl framework.tlog\link.write.1.tlog
